Build started 10/13/2016 4:20:17 PM.
     1>Project "D:\GoogleDrive\MonitoreoVehicular\MoVe\MoVe\MoVe.vcxproj" on node 2 (build target(s)).
     1>PrepareForBuild:
         Creating directory "D:\GoogleDrive\MonitoreoVehicular\MoVe\x64\Release\".
       InitializeBuildStatus:
         Creating "x64\Release\MoVe.unsuccessfulbuild" because "AlwaysCreate" was specified.
       ClCompile:
         C:\Program Files (x86)\Microsoft Visual Studio 10.0\VC\bin\x86_amd64\CL.exe /c /Zi /nologo /W3 /WX- /O2 /Oi /GL /D WIN32 /D NDEBUG /D _CONSOLE /D _WIN32_WINNT=0x0601 /D _UNICODE /D UNICODE /Gm- /EHsc /MD /GS /Gy /fp:precise /Zc:wchar_t /Zc:forScope /Fo"x64\Release\\" /Fd"x64\Release\vc100.pdb" /Gd /TP /errorReport:prompt Blob.cpp main.cpp
         Blob.cpp
     1>Blob.cpp(19): error C2668: 'pow' : ambiguous call to overloaded function
                 C:\Program Files (x86)\Microsoft Visual Studio 10.0\VC\include\math.h(583): could be 'long double pow(long double,int)'
                 C:\Program Files (x86)\Microsoft Visual Studio 10.0\VC\include\math.h(535): or       'float pow(float,int)'
                 C:\Program Files (x86)\Microsoft Visual Studio 10.0\VC\include\math.h(497): or       'double pow(double,int)'
                 while trying to match the argument list '(int, int)'
     1>Blob.cpp(19): error C2668: 'pow' : ambiguous call to overloaded function
                 C:\Program Files (x86)\Microsoft Visual Studio 10.0\VC\include\math.h(583): could be 'long double pow(long double,int)'
                 C:\Program Files (x86)\Microsoft Visual Studio 10.0\VC\include\math.h(535): or       'float pow(float,int)'
                 C:\Program Files (x86)\Microsoft Visual Studio 10.0\VC\include\math.h(497): or       'double pow(double,int)'
                 while trying to match the argument list '(int, int)'
     1>Blob.cpp(54): error C2039: 'round' : is not a member of 'std'
     1>Blob.cpp(54): error C3861: 'round': identifier not found
     1>Blob.cpp(59): error C2039: 'round' : is not a member of 'std'
     1>Blob.cpp(59): error C3861: 'round': identifier not found
     1>Blob.cpp(71): error C2039: 'round' : is not a member of 'std'
     1>Blob.cpp(71): error C3861: 'round': identifier not found
     1>Blob.cpp(77): error C2039: 'round' : is not a member of 'std'
     1>Blob.cpp(77): error C3861: 'round': identifier not found
     1>Blob.cpp(90): error C2039: 'round' : is not a member of 'std'
     1>Blob.cpp(90): error C3861: 'round': identifier not found
     1>Blob.cpp(97): error C2039: 'round' : is not a member of 'std'
     1>Blob.cpp(97): error C3861: 'round': identifier not found
         main.cpp
     1>main.cpp(65): error C3861: 'round': identifier not found
     1>main.cpp(128): error C2143: syntax error : missing ',' before ':'
     1>main.cpp(128): error C2530: 'convexHull' : references must be initialized
     1>main.cpp(128): error C3531: 'convexHull': a symbol whose type contains 'auto' must have an initializer
     1>main.cpp(128): error C2143: syntax error : missing ';' before '{'
     1>main.cpp(129): error C2664: 'Blob::Blob(std::vector<_Ty>)' : cannot convert parameter 1 from 'int' to 'std::vector<_Ty>'
                 with
                 [
                     _Ty=cv::Point
                 ]
                 Constructor for class 'std::vector<_Ty>' is declared 'explicit'
                 with
                 [
                     _Ty=cv::Point
                 ]
     1>main.cpp(145): error C2143: syntax error : missing ',' before ':'
     1>main.cpp(145): error C2530: 'currentFrameBlob' : references must be initialized
     1>main.cpp(145): error C3531: 'currentFrameBlob': a symbol whose type contains 'auto' must have an initializer
     1>main.cpp(145): error C2143: syntax error : missing ';' before '{'
     1>main.cpp(146): error C2664: 'void std::vector<_Ty>::push_back(_Ty &&)' : cannot convert parameter 1 from 'int' to 'Blob &&'
                 with
                 [
                     _Ty=Blob
                 ]
                 Reason: cannot convert from 'int' to 'Blob'
                 No constructor could take the source type, or constructor overload resolution was ambiguous
     1>main.cpp(203): error C2143: syntax error : missing ',' before ':'
     1>main.cpp(203): error C2530: 'existingBlob' : references must be initialized
     1>main.cpp(203): error C3531: 'existingBlob': a symbol whose type contains 'auto' must have an initializer
     1>main.cpp(203): error C2143: syntax error : missing ';' before '{'
     1>main.cpp(205): error C2228: left of '.blnCurrentMatchFoundOrNewBlob' must have class/struct/union
                 type is 'int'
     1>main.cpp(207): error C2228: left of '.predictNextPosition' must have class/struct/union
                 type is 'int'
     1>main.cpp(210): error C2143: syntax error : missing ',' before ':'
     1>main.cpp(210): error C2530: 'currentFrameBlob' : references must be initialized
     1>main.cpp(210): error C3531: 'currentFrameBlob': a symbol whose type contains 'auto' must have an initializer
     1>main.cpp(210): error C2143: syntax error : missing ';' before '{'
     1>main.cpp(219): error C2228: left of '.centerPositions' must have class/struct/union
                 type is 'int'
     1>main.cpp(219): error C2228: left of '.back' must have class/struct/union
     1>main.cpp(228): error C2228: left of '.dblCurrentDiagonalSize' must have class/struct/union
                 type is 'int'
     1>main.cpp(229): error C2664: 'addBlobToExistingBlobs' : cannot convert parameter 1 from 'int' to 'Blob &'
     1>main.cpp(232): error C2664: 'addNewBlob' : cannot convert parameter 1 from 'int' to 'Blob &'
     1>main.cpp(237): error C2143: syntax error : missing ',' before ':'
     1>main.cpp(237): error C2530: 'existingBlob' : references must be initialized
     1>main.cpp(237): error C3531: 'existingBlob': a symbol whose type contains 'auto' must have an initializer
     1>main.cpp(237): error C2143: syntax error : missing ';' before '{'
     1>main.cpp(239): error C2228: left of '.blnCurrentMatchFoundOrNewBlob' must have class/struct/union
                 type is 'int'
     1>main.cpp(240): error C2228: left of '.intNumOfConsecutiveFramesWithoutAMatch' must have class/struct/union
                 type is 'int'
     1>main.cpp(243): error C2228: left of '.intNumOfConsecutiveFramesWithoutAMatch' must have class/struct/union
                 type is 'int'
     1>main.cpp(244): error C2228: left of '.blnStillBeingTracked' must have class/struct/union
                 type is 'int'
     1>main.cpp(280): error C2668: 'pow' : ambiguous call to overloaded function
                 C:\Program Files (x86)\Microsoft Visual Studio 10.0\VC\include\math.h(583): could be 'long double pow(long double,int)'
                 C:\Program Files (x86)\Microsoft Visual Studio 10.0\VC\include\math.h(535): or       'float pow(float,int)'
                 C:\Program Files (x86)\Microsoft Visual Studio 10.0\VC\include\math.h(497): or       'double pow(double,int)'
                 while trying to match the argument list '(int, int)'
     1>main.cpp(280): error C2668: 'pow' : ambiguous call to overloaded function
                 C:\Program Files (x86)\Microsoft Visual Studio 10.0\VC\include\math.h(583): could be 'long double pow(long double,int)'
                 C:\Program Files (x86)\Microsoft Visual Studio 10.0\VC\include\math.h(535): or       'float pow(float,int)'
                 C:\Program Files (x86)\Microsoft Visual Studio 10.0\VC\include\math.h(497): or       'double pow(double,int)'
                 while trying to match the argument list '(int, int)'
     1>main.cpp(299): error C2143: syntax error : missing ',' before ':'
     1>main.cpp(299): error C2530: 'blob' : references must be initialized
     1>main.cpp(299): error C3531: 'blob': a symbol whose type contains 'auto' must have an initializer
     1>main.cpp(299): error C2143: syntax error : missing ';' before '{'
     1>main.cpp(300): error C2228: left of '.blnStillBeingTracked' must have class/struct/union
                 type is 'int'
     1>main.cpp(301): error C2228: left of '.currentContour' must have class/struct/union
                 type is 'int'
     1>main.cpp(314): error C2143: syntax error : missing ',' before ':'
     1>main.cpp(314): error C3531: 'blob': a symbol whose type contains 'auto' must have an initializer
     1>main.cpp(314): error C2143: syntax error : missing ';' before '{'
     1>main.cpp(316): error C2228: left of '.blnStillBeingTracked' must have class/struct/union
                 type is 'int'
     1>main.cpp(316): error C2228: left of '.centerPositions' must have class/struct/union
                 type is 'int'
     1>main.cpp(316): error C2228: left of '.size' must have class/struct/union
     1>main.cpp(317): error C2228: left of '.centerPositions' must have class/struct/union
                 type is 'int'
     1>main.cpp(317): error C2228: left of '.size' must have class/struct/union
     1>main.cpp(318): error C2228: left of '.centerPositions' must have class/struct/union
                 type is 'int'
     1>main.cpp(318): error C2228: left of '.size' must have class/struct/union
     1>main.cpp(320): error C2228: left of '.centerPositions' must have class/struct/union
                 type is 'int'
     1>main.cpp(320): error C2228: left of '.y' must have class/struct/union
     1>main.cpp(320): error C2228: left of '.centerPositions' must have class/struct/union
                 type is 'int'
     1>main.cpp(320): error C2228: left of '.y' must have class/struct/union
     1>main.cpp(341): error C2039: 'round' : is not a member of 'std'
     1>main.cpp(341): error C3861: 'round': identifier not found
     1>main.cpp(343): error C2668: 'std::to_string' : ambiguous call to overloaded function
                 C:\Program Files (x86)\Microsoft Visual Studio 10.0\VC\include\string(688): could be 'std::string std::to_string(long double)'
                 C:\Program Files (x86)\Microsoft Visual Studio 10.0\VC\include\string(680): or       'std::string std::to_string(_ULonglong)'
                 C:\Program Files (x86)\Microsoft Visual Studio 10.0\VC\include\string(672): or       'std::string std::to_string(_Longlong)'
                 while trying to match the argument list '(unsigned int)'
     1>main.cpp(353): error C2039: 'round' : is not a member of 'std'
     1>main.cpp(353): error C3861: 'round': identifier not found
     1>main.cpp(355): error C2668: 'std::to_string' : ambiguous call to overloaded function
                 C:\Program Files (x86)\Microsoft Visual Studio 10.0\VC\include\string(688): could be 'std::string std::to_string(long double)'
                 C:\Program Files (x86)\Microsoft Visual Studio 10.0\VC\include\string(680): or       'std::string std::to_string(_ULonglong)'
                 C:\Program Files (x86)\Microsoft Visual Studio 10.0\VC\include\string(672): or       'std::string std::to_string(_Longlong)'
                 while trying to match the argument list '(int)'
     1>main.cpp(362): error C2668: 'std::to_string' : ambiguous call to overloaded function
                 C:\Program Files (x86)\Microsoft Visual Studio 10.0\VC\include\string(688): could be 'std::string std::to_string(long double)'
                 C:\Program Files (x86)\Microsoft Visual Studio 10.0\VC\include\string(680): or       'std::string std::to_string(_ULonglong)'
                 C:\Program Files (x86)\Microsoft Visual Studio 10.0\VC\include\string(672): or       'std::string std::to_string(_Longlong)'
                 while trying to match the argument list '(int)'
     1>Done Building Project "D:\GoogleDrive\MonitoreoVehicular\MoVe\MoVe\MoVe.vcxproj" (build target(s)) -- FAILED.

Build FAILED.

Time Elapsed 00:00:01.28
